2023-04-02 23:54:30.149670 - Initialized conversion of CBT381
2023-04-02 23:54:30.963904 - Received CBT.V504.FILE381.PDS from FILE381.XMI 
2023-04-02 23:54:30.966443 - Found $$$#DATE.txt (text/plain) in CBT.V504.FILE381.PDS, moved to PDS/$$$#DATE
2023-04-02 23:54:30.967778 - Found $DOC.txt (text/plain) in CBT.V504.FILE381.PDS, moved to PDS/$DOC
2023-04-02 23:54:30.969051 - Found @FILE381.txt (text/plain) in CBT.V504.FILE381.PDS, moved to PDS/@FILE381
2023-04-02 23:54:30.970132 - Found AUTHSVC.txt (text/plain) in CBT.V504.FILE381.PDS, moved to PDS/AUTHSVC
2023-04-02 23:54:30.971385 - Found CONSOLE.txt (text/plain) in CBT.V504.FILE381.PDS, moved to PDS/CONSOLE
2023-04-02 23:54:30.972802 - Found DSAT.txt (text/plain) in CBT.V504.FILE381.PDS, moved to PDS/DSAT
2023-04-02 23:54:30.973738 - Found FZ50V0.txt (text/plain) in CBT.V504.FILE381.PDS, moved to PDS/FZ50V0
2023-04-02 23:54:30.974778 - Found FZ51V0.txt (text/plain) in CBT.V504.FILE381.PDS, moved to PDS/FZ51V0
2023-04-02 23:54:30.975985 - Found HASPXIT0.txt (text/plain) in CBT.V504.FILE381.PDS, moved to PDS/HASPXIT0
2023-04-02 23:54:30.976961 - Found HOOPER.txt (text/plain) in CBT.V504.FILE381.PDS, moved to PDS/HOOPER
2023-04-02 23:54:30.977961 - Found JES$LF.txt (text/plain) in CBT.V504.FILE381.PDS, moved to PDS/JES$LF
2023-04-02 23:54:30.979078 - Found JESEXIT1.txt (text/plain) in CBT.V504.FILE381.PDS, moved to PDS/JESEXIT1
2023-04-02 23:54:30.980034 - Found JESEXIT3.txt (text/plain) in CBT.V504.FILE381.PDS, moved to PDS/JESEXIT3
2023-04-02 23:54:30.981009 - Found JESEXIT5.txt (text/plain) in CBT.V504.FILE381.PDS, moved to PDS/JESEXIT5
2023-04-02 23:54:30.982409 - Found JESEXIT6.txt (text/plain) in CBT.V504.FILE381.PDS, moved to PDS/JESEXIT6
2023-04-02 23:54:30.983565 - Found JESEXIT7.txt (text/plain) in CBT.V504.FILE381.PDS, moved to PDS/JESEXIT7
2023-04-02 23:54:30.984681 - Found JESEXIT9.txt (text/plain) in CBT.V504.FILE381.PDS, moved to PDS/JESEXIT9
2023-04-02 23:54:30.985908 - Found JESRESRC.txt (text/plain) in CBT.V504.FILE381.PDS, moved to PDS/JESRESRC
2023-04-02 23:54:30.987174 - Found JESTABLE.txt (text/plain) in CBT.V504.FILE381.PDS, moved to PDS/JESTABLE
2023-04-02 23:54:30.988343 - Found JESXIT17.txt (text/plain) in CBT.V504.FILE381.PDS, moved to PDS/JESXIT17
2023-04-02 23:54:30.989399 - Found JESXIT21.txt (text/plain) in CBT.V504.FILE381.PDS, moved to PDS/JESXIT21
2023-04-02 23:54:30.990624 - Found J001$SP.txt (text/plain) in CBT.V504.FILE381.PDS, moved to PDS/J001$SP
2023-04-02 23:54:30.991683 - Found J002SPRT.txt (text/plain) in CBT.V504.FILE381.PDS, moved to PDS/J002SPRT
2023-04-02 23:54:30.992850 - Found J003STCS.txt (text/plain) in CBT.V504.FILE381.PDS, moved to PDS/J003STCS
2023-04-02 23:54:30.993866 - Found J003UNJH.txt (text/plain) in CBT.V504.FILE381.PDS, moved to PDS/J003UNJH
2023-04-02 23:54:30.994812 - Found J004$JEC.txt (text/plain) in CBT.V504.FILE381.PDS, moved to PDS/J004$JEC
2023-04-02 23:54:30.996022 - Found J004$OWN.txt (text/plain) in CBT.V504.FILE381.PDS, moved to PDS/J004$OWN
2023-04-02 23:54:30.997016 - Found J005$DV.txt (text/plain) in CBT.V504.FILE381.PDS, moved to PDS/J005$DV
2023-04-02 23:54:30.998030 - Found J005$LF.txt (text/plain) in CBT.V504.FILE381.PDS, moved to PDS/J005$LF
2023-04-02 23:54:30.999060 - Found J005$QJ.txt (text/plain) in CBT.V504.FILE381.PDS, moved to PDS/J005$QJ
2023-04-02 23:54:31.000187 - Found J005$QN.txt (text/plain) in CBT.V504.FILE381.PDS, moved to PDS/J005$QN
2023-04-02 23:54:31.001168 - Found J005$SL.txt (text/plain) in CBT.V504.FILE381.PDS, moved to PDS/J005$SL
2023-04-02 23:54:31.002120 - Found J005$SR.txt (text/plain) in CBT.V504.FILE381.PDS, moved to PDS/J005$SR
2023-04-02 23:54:31.003389 - Found J005$UA.txt (text/plain) in CBT.V504.FILE381.PDS, moved to PDS/J005$UA
2023-04-02 23:54:31.004484 - Found J005$UH.txt (text/plain) in CBT.V504.FILE381.PDS, moved to PDS/J005$UH
2023-04-02 23:54:31.005786 - Found J005$UL.txt (text/plain) in CBT.V504.FILE381.PDS, moved to PDS/J005$UL
2023-04-02 23:54:31.007173 - Found J005FILT.txt (text/plain) in CBT.V504.FILE381.PDS, moved to PDS/J005FILT
2023-04-02 23:54:31.008317 - Found J005JIT.txt (text/plain) in CBT.V504.FILE381.PDS, moved to PDS/J005JIT
2023-04-02 23:54:31.009373 - Found J005LOAD.txt (text/plain) in CBT.V504.FILE381.PDS, moved to PDS/J005LOAD
2023-04-02 23:54:31.010483 - Found J005UCC7.txt (text/plain) in CBT.V504.FILE381.PDS, moved to PDS/J005UCC7
2023-04-02 23:54:31.011987 - Found J006STDS.txt (text/plain) in CBT.V504.FILE381.PDS, moved to PDS/J006STDS
2023-04-02 23:54:31.013040 - Found J007ENDJ.txt (text/plain) in CBT.V504.FILE381.PDS, moved to PDS/J007ENDJ
2023-04-02 23:54:31.014080 - Found J007JCTU.txt (text/plain) in CBT.V504.FILE381.PDS, moved to PDS/J007JCTU
2023-04-02 23:54:31.015062 - Found J007JQEU.txt (text/plain) in CBT.V504.FILE381.PDS, moved to PDS/J007JQEU
2023-04-02 23:54:31.016282 - Found J007RACF.txt (text/plain) in CBT.V504.FILE381.PDS, moved to PDS/J007RACF
2023-04-02 23:54:31.017256 - Found J007REST.txt (text/plain) in CBT.V504.FILE381.PDS, moved to PDS/J007REST
2023-04-02 23:54:31.018229 - Found J007RLSE.txt (text/plain) in CBT.V504.FILE381.PDS, moved to PDS/J007RLSE
2023-04-02 23:54:31.019331 - Found J011SPRT.txt (text/plain) in CBT.V504.FILE381.PDS, moved to PDS/J011SPRT
2023-04-02 23:54:31.020524 - Found J014$JSL.txt (text/plain) in CBT.V504.FILE381.PDS, moved to PDS/J014$JSL
2023-04-02 23:54:31.021586 - Found J015$SP.txt (text/plain) in CBT.V504.FILE381.PDS, moved to PDS/J015$SP
2023-04-02 23:54:31.022845 - Found J020UHLD.txt (text/plain) in CBT.V504.FILE381.PDS, moved to PDS/J020UHLD
2023-04-02 23:54:31.023861 - Found J021$57.txt (text/plain) in CBT.V504.FILE381.PDS, moved to PDS/J021$57
2023-04-02 23:54:31.025128 - Found J024JIT.txt (text/plain) in CBT.V504.FILE381.PDS, moved to PDS/J024JIT
2023-04-02 23:54:31.026856 - Found J255$FMT.txt (text/plain) in CBT.V504.FILE381.PDS, moved to PDS/J255$FMT
2023-04-02 23:54:31.028227 - Found PRINTDOC.jcl (text/plain) in CBT.V504.FILE381.PDS, moved to PDS/PRINTDOC
2023-04-02 23:54:31.029274 - Found TESTJES.txt (text/plain) in CBT.V504.FILE381.PDS, moved to PDS/TESTJES
2023-04-02 23:54:31.030298 - Found TESTJ136.txt (text/plain) in CBT.V504.FILE381.PDS, moved to PDS/TESTJ136
